<?xml version="1.0" encoding="UTF-8"?>
<coverage generated="1648878335953" clover="3.2.0">
  <project timestamp="1648878335953" name="All files">
    <metrics statements="26" coveredstatements="26" conditionals="24" coveredconditionals="24" methods="4" coveredmethods="4" elements="54" coveredelements="54" complexity="0" loc="26" ncloc="26" packages="1" files="1" classes="1"/>
    <file name="MathBasic.js" path="C:\Users\Lenovo-PC\Desktop\math-api\src\MathBasic.js">
      <metrics statements="26" coveredstatements="26" conditionals="24" coveredconditionals="24" methods="4" coveredmethods="4"/>
      <line num="1" count="1" type="stmt"/>
      <line num="3" count="10" type="cond" truecount="2" falsecount="0"/>
      <line num="4" count="4" type="stmt"/>
      <line num="6" count="6" type="stmt"/>
      <line num="8" count="6" type="cond" truecount="4" falsecount="0"/>
      <line num="9" count="3" type="stmt"/>
      <line num="12" count="3" type="stmt"/>
      <line num="15" count="10" type="cond" truecount="2" falsecount="0"/>
      <line num="16" count="4" type="stmt"/>
      <line num="18" count="6" type="stmt"/>
      <line num="20" count="6" type="cond" truecount="4" falsecount="0"/>
      <line num="21" count="3" type="stmt"/>
      <line num="24" count="3" type="stmt"/>
      <line num="27" count="10" type="cond" truecount="2" falsecount="0"/>
      <line num="28" count="4" type="stmt"/>
      <line num="30" count="6" type="stmt"/>
      <line num="32" count="6" type="cond" truecount="4" falsecount="0"/>
      <line num="33" count="3" type="stmt"/>
      <line num="36" count="3" type="stmt"/>
      <line num="39" count="10" type="cond" truecount="2" falsecount="0"/>
      <line num="40" count="4" type="stmt"/>
      <line num="42" count="6" type="stmt"/>
      <line num="44" count="6" type="cond" truecount="4" falsecount="0"/>
      <line num="45" count="3" type="stmt"/>
      <line num="48" count="3" type="stmt"/>
      <line num="52" count="1" type="stmt"/>
    </file>
  </project>
</coverage>
