{"C:\\Users\\Lenovo-PC\\Desktop\\math-api\\src\\MathBasic.js": {"path":"C:\\Users\\Lenovo-PC\\Desktop\\math-api\\src\\MathBasic.js","statementMap":{"0":{"start":{"line":1,"column":18},"end":{"line":50,"column":1}},"1":{"start":{"line":3,"column":4},"end":{"line":5,"column":5}},"2":{"start":{"line":4,"column":6},"end":{"line":4,"column":65}},"3":{"start":{"line":6,"column":19},"end":{"line":6,"column":23}},"4":{"start":{"line":8,"column":4},"end":{"line":10,"column":5}},"5":{"start":{"line":9,"column":6},"end":{"line":9,"column":64}},"6":{"start":{"line":12,"column":4},"end":{"line":12,"column":17}},"7":{"start":{"line":15,"column":4},"end":{"line":17,"column":5}},"8":{"start":{"line":16,"column":6},"end":{"line":16,"column":70}},"9":{"start":{"line":18,"column":19},"end":{"line":18,"column":23}},"10":{"start":{"line":20,"column":4},"end":{"line":22,"column":5}},"11":{"start":{"line":21,"column":6},"end":{"line":21,"column":64}},"12":{"start":{"line":24,"column":4},"end":{"line":24,"column":17}},"13":{"start":{"line":27,"column":4},"end":{"line":29,"column":5}},"14":{"start":{"line":28,"column":6},"end":{"line":28,"column":70}},"15":{"start":{"line":30,"column":19},"end":{"line":30,"column":23}},"16":{"start":{"line":32,"column":4},"end":{"line":34,"column":5}},"17":{"start":{"line":33,"column":6},"end":{"line":33,"column":64}},"18":{"start":{"line":36,"column":4},"end":{"line":36,"column":17}},"19":{"start":{"line":39,"column":4},"end":{"line":41,"column":5}},"20":{"start":{"line":40,"column":6},"end":{"line":40,"column":68}},"21":{"start":{"line":42,"column":19},"end":{"line":42,"column":23}},"22":{"start":{"line":44,"column":4},"end":{"line":46,"column":5}},"23":{"start":{"line":45,"column":6},"end":{"line":45,"column":64}},"24":{"start":{"line":48,"column":4},"end":{"line":48,"column":17}},"25":{"start":{"line":52,"column":0},"end":{"line":52,"column":27}}},"fnMap":{"0":{"name":"(anonymous_0)","decl":{"start":{"line":2,"column":7},"end":{"line":2,"column":8}},"loc":{"start":{"line":2,"column":20},"end":{"line":13,"column":3}},"line":2},"1":{"name":"(anonymous_1)","decl":{"start":{"line":14,"column":12},"end":{"line":14,"column":13}},"loc":{"start":{"line":14,"column":25},"end":{"line":25,"column":3}},"line":14},"2":{"name":"(anonymous_2)","decl":{"start":{"line":26,"column":12},"end":{"line":26,"column":13}},"loc":{"start":{"line":26,"column":25},"end":{"line":37,"column":3}},"line":26},"3":{"name":"(anonymous_3)","decl":{"start":{"line":38,"column":10},"end":{"line":38,"column":11}},"loc":{"start":{"line":38,"column":23},"end":{"line":49,"column":3}},"line":38}},"branchMap":{"0":{"loc":{"start":{"line":3,"column":4},"end":{"line":5,"column":5}},"type":"if","locations":[{"start":{"line":3,"column":4},"end":{"line":5,"column":5}},{"start":{},"end":{}}],"line":3},"1":{"loc":{"start":{"line":8,"column":4},"end":{"line":10,"column":5}},"type":"if","locations":[{"start":{"line":8,"column":4},"end":{"line":10,"column":5}},{"start":{},"end":{}}],"line":8},"2":{"loc":{"start":{"line":8,"column":8},"end":{"line":8,"column":58}},"type":"binary-expr","locations":[{"start":{"line":8,"column":8},"end":{"line":8,"column":31}},{"start":{"line":8,"column":35},"end":{"line":8,"column":58}}],"line":8},"3":{"loc":{"start":{"line":15,"column":4},"end":{"line":17,"column":5}},"type":"if","locations":[{"start":{"line":15,"column":4},"end":{"line":17,"column":5}},{"start":{},"end":{}}],"line":15},"4":{"loc":{"start":{"line":20,"column":4},"end":{"line":22,"column":5}},"type":"if","locations":[{"start":{"line":20,"column":4},"end":{"line":22,"column":5}},{"start":{},"end":{}}],"line":20},"5":{"loc":{"start":{"line":20,"column":8},"end":{"line":20,"column":58}},"type":"binary-expr","locations":[{"start":{"line":20,"column":8},"end":{"line":20,"column":31}},{"start":{"line":20,"column":35},"end":{"line":20,"column":58}}],"line":20},"6":{"loc":{"start":{"line":27,"column":4},"end":{"line":29,"column":5}},"type":"if","locations":[{"start":{"line":27,"column":4},"end":{"line":29,"column":5}},{"start":{},"end":{}}],"line":27},"7":{"loc":{"start":{"line":32,"column":4},"end":{"line":34,"column":5}},"type":"if","locations":[{"start":{"line":32,"column":4},"end":{"line":34,"column":5}},{"start":{},"end":{}}],"line":32},"8":{"loc":{"start":{"line":32,"column":8},"end":{"line":32,"column":58}},"type":"binary-expr","locations":[{"start":{"line":32,"column":8},"end":{"line":32,"column":31}},{"start":{"line":32,"column":35},"end":{"line":32,"column":58}}],"line":32},"9":{"loc":{"start":{"line":39,"column":4},"end":{"line":41,"column":5}},"type":"if","locations":[{"start":{"line":39,"column":4},"end":{"line":41,"column":5}},{"start":{},"end":{}}],"line":39},"10":{"loc":{"start":{"line":44,"column":4},"end":{"line":46,"column":5}},"type":"if","locations":[{"start":{"line":44,"column":4},"end":{"line":46,"column":5}},{"start":{},"end":{}}],"line":44},"11":{"loc":{"start":{"line":44,"column":8},"end":{"line":44,"column":58}},"type":"binary-expr","locations":[{"start":{"line":44,"column":8},"end":{"line":44,"column":31}},{"start":{"line":44,"column":35},"end":{"line":44,"column":58}}],"line":44}},"s":{"0":1,"1":10,"2":4,"3":6,"4":6,"5":3,"6":3,"7":10,"8":4,"9":6,"10":6,"11":3,"12":3,"13":10,"14":4,"15":6,"16":6,"17":3,"18":3,"19":10,"20":4,"21":6,"22":6,"23":3,"24":3,"25":1},"f":{"0":10,"1":10,"2":10,"3":10},"b":{"0":[4,6],"1":[3,3],"2":[6,3],"3":[4,6],"4":[3,3],"5":[6,3],"6":[4,6],"7":[3,3],"8":[6,3],"9":[4,6],"10":[3,3],"11":[6,3]},"_coverageSchema":"1a1c01bbd47fc00a2c39e90264f33305004495a9","hash":"4f44ae46d9e9e447e79984cd9324f95dbc6c0426"}
}
