TN:
SF:src\FigureCalculator.js
FN:4,(anonymous_0)
FN:8,(anonymous_1)
FN:13,(anonymous_2)
FN:22,(anonymous_3)
FN:27,(anonymous_4)
FN:32,(anonymous_5)
FN:37,(anonymous_6)
FNF:7
FNH:7
FNDA:13,(anonymous_0)
FNDA:23,(anonymous_1)
FNDA:19,(anonymous_2)
FNDA:1,(anonymous_3)
FNDA:7,(anonymous_4)
FNDA:8,(anonymous_5)
FNDA:7,(anonymous_6)
DA:5,13
DA:9,23
DA:10,10
DA:13,13
DA:14,19
DA:15,9
DA:19,4
DA:23,1
DA:24,1
DA:28,7
DA:29,1
DA:33,8
DA:34,1
DA:38,7
DA:39,1
DA:43,1
LF:16
LH:16
BRDA:9,0,0,10
BRDA:9,0,1,13
BRDA:14,1,0,9
BRDA:14,1,1,10
BRF:4
BRH:4
end_of_record
TN:
SF:src\MathBasic.js
FN:2,(anonymous_0)
FN:14,(anonymous_1)
FN:26,(anonymous_2)
FN:38,(anonymous_3)
FNF:4
FNH:4
FNDA:13,(anonymous_0)
FNDA:10,(anonymous_1)
FNDA:13,(anonymous_2)
FNDA:11,(anonymous_3)
DA:1,2
DA:3,13
DA:4,4
DA:6,9
DA:8,9
DA:9,3
DA:12,6
DA:15,10
DA:16,4
DA:18,6
DA:20,6
DA:21,3
DA:24,3
DA:27,13
DA:28,4
DA:30,9
DA:32,9
DA:33,3
DA:36,6
DA:39,11
DA:40,4
DA:42,7
DA:44,7
DA:45,3
DA:48,4
DA:52,2
LF:26
LH:26
BRDA:3,0,0,4
BRDA:3,0,1,9
BRDA:8,1,0,3
BRDA:8,1,1,6
BRDA:8,2,0,9
BRDA:8,2,1,6
BRDA:15,3,0,4
BRDA:15,3,1,6
BRDA:20,4,0,3
BRDA:20,4,1,3
BRDA:20,5,0,6
BRDA:20,5,1,3
BRDA:27,6,0,4
BRDA:27,6,1,9
BRDA:32,7,0,3
BRDA:32,7,1,6
BRDA:32,8,0,9
BRDA:32,8,1,6
BRDA:39,9,0,4
BRDA:39,9,1,7
BRDA:44,10,0,3
BRDA:44,10,1,4
BRDA:44,11,0,7
BRDA:44,11,1,4
BRF:24
BRH:24
end_of_record
