TN:
SF:src\MathBasic.js
FN:2,(anonymous_0)
FN:14,(anonymous_1)
FN:26,(anonymous_2)
FN:38,(anonymous_3)
FNF:4
FNH:4
FNDA:10,(anonymous_0)
FNDA:10,(anonymous_1)
FNDA:10,(anonymous_2)
FNDA:10,(anonymous_3)
DA:1,1
DA:3,10
DA:4,4
DA:6,6
DA:8,6
DA:9,3
DA:12,3
DA:15,10
DA:16,4
DA:18,6
DA:20,6
DA:21,3
DA:24,3
DA:27,10
DA:28,4
DA:30,6
DA:32,6
DA:33,3
DA:36,3
DA:39,10
DA:40,4
DA:42,6
DA:44,6
DA:45,3
DA:48,3
DA:52,1
LF:26
LH:26
BRDA:3,0,0,4
BRDA:3,0,1,6
BRDA:8,1,0,3
BRDA:8,1,1,3
BRDA:8,2,0,6
BRDA:8,2,1,3
BRDA:15,3,0,4
BRDA:15,3,1,6
BRDA:20,4,0,3
BRDA:20,4,1,3
BRDA:20,5,0,6
BRDA:20,5,1,3
BRDA:27,6,0,4
BRDA:27,6,1,6
BRDA:32,7,0,3
BRDA:32,7,1,3
BRDA:32,8,0,6
BRDA:32,8,1,3
BRDA:39,9,0,4
BRDA:39,9,1,6
BRDA:44,10,0,3
BRDA:44,10,1,3
BRDA:44,11,0,6
BRDA:44,11,1,3
BRF:24
BRH:24
end_of_record
